2023-12-19 22:12:355 INFO  HomePage :73 - Clicking on desktop from : [[ChromeDriver: chrome on windows (70f5f69b5c314d9c19029627e568dc98)] -> link text: Desktops]
2023-12-19 22:12:464 INFO  HomePage :57 - Select menu from : Show AllDesktops[[ChromeDriver: chrome on windows (70f5f69b5c314d9c19029627e568dc98)] -> link text: Show AllDesktops]
2023-12-19 22:12:269 INFO  DesktopsPage :63 - Select sortBy Name (Z - A) in descending order [[ChromeDriver: chrome on windows (70f5f69b5c314d9c19029627e568dc98)] -> xpath: //select[@id='input-sort']]
2023-12-19 22:12:812 INFO  DesktopsPage :57 - Get elements sorted in reverse order[[ChromeDriver: chrome on windows (70f5f69b5c314d9c19029627e568dc98)] -> xpath: //select[@id='input-sort']]
2023-12-19 22:12:758 INFO  HomePage :106 - Clicking on dropdown from : [[ChromeDriver: chrome on windows (c72d8501e6336f56dbfdd7e18413861e)] -> xpath: //button[@class='btn btn-link dropdown-toggle']]
2023-12-19 22:12:43 INFO  HomePage :111 - Clicking on sterling from dropdown : [[ChromeDriver: chrome on windows (c72d8501e6336f56dbfdd7e18413861e)] -> xpath: (//button[normalize-space()='£Pound Sterling'])[1]]
2023-12-19 22:12:246 INFO  HomePage :73 - Clicking on desktop from : [[ChromeDriver: chrome on windows (c72d8501e6336f56dbfdd7e18413861e)] -> link text: Desktops]
2023-12-19 22:12:211 INFO  HomePage :57 - Select menu from : Show AllDesktops[[ChromeDriver: chrome on windows (c72d8501e6336f56dbfdd7e18413861e)] -> link text: Show AllDesktops]
2023-12-19 22:12:945 INFO  DesktopsPage :69 - Select sortBy Name (A - Z) in ascending order [[ChromeDriver: chrome on windows (c72d8501e6336f56dbfdd7e18413861e)] -> xpath: //select[@id='input-sort']]
2023-12-19 22:12:65 INFO  HomePage :106 - Clicking on dropdown from : [[ChromeDriver: chrome on windows (e0c0c293d37e1c144e9a0b99ab26403b)] -> xpath: //button[@class='btn btn-link dropdown-toggle']]
2023-12-19 22:12:348 INFO  HomePage :111 - Clicking on sterling from dropdown : [[ChromeDriver: chrome on windows (e0c0c293d37e1c144e9a0b99ab26403b)] -> xpath: (//button[normalize-space()='£Pound Sterling'])[1]]
2023-12-19 22:12:574 INFO  HomePage :73 - Clicking on desktop from : [[ChromeDriver: chrome on windows (e0c0c293d37e1c144e9a0b99ab26403b)] -> link text: Desktops]
2023-12-19 22:12:356 INFO  HomePage :57 - Select menu from : Show AllDesktops[[ChromeDriver: chrome on windows (e0c0c293d37e1c144e9a0b99ab26403b)] -> link text: Show AllDesktops]
2023-12-19 22:12:116 INFO  DesktopsPage :69 - Select sortBy Name (A - Z) in ascending order [[ChromeDriver: chrome on windows (e0c0c293d37e1c144e9a0b99ab26403b)] -> xpath: //select[@id='input-sort']]
2023-12-19 22:12:34 INFO  ProductPage :41 - Get product name from : [[ChromeDriver: chrome on windows (e0c0c293d37e1c144e9a0b99ab26403b)] -> css selector: div[id='content'] h1]
2023-12-19 22:12:328 INFO  HomePage :106 - Clicking on dropdown from : [[ChromeDriver: chrome on windows (83bc0c8dc87661d0dcfb096da38c2399)] -> xpath: //button[@class='btn btn-link dropdown-toggle']]
2023-12-19 22:12:782 INFO  HomePage :111 - Clicking on sterling from dropdown : [[ChromeDriver: chrome on windows (83bc0c8dc87661d0dcfb096da38c2399)] -> xpath: (//button[normalize-space()='£Pound Sterling'])[1]]
2023-12-19 22:12:990 INFO  HomePage :73 - Clicking on desktop from : [[ChromeDriver: chrome on windows (83bc0c8dc87661d0dcfb096da38c2399)] -> link text: Desktops]
2023-12-19 22:12:876 INFO  HomePage :57 - Select menu from : Show AllDesktops[[ChromeDriver: chrome on windows (83bc0c8dc87661d0dcfb096da38c2399)] -> link text: Show AllDesktops]
2023-12-19 22:12:631 INFO  DesktopsPage :69 - Select sortBy Name (A - Z) in ascending order [[ChromeDriver: chrome on windows (83bc0c8dc87661d0dcfb096da38c2399)] -> xpath: //select[@id='input-sort']]
2023-12-19 22:12:600 INFO  ProductPage :41 - Get product name from : [[ChromeDriver: chrome on windows (83bc0c8dc87661d0dcfb096da38c2399)] -> css selector: div[id='content'] h1]
2023-12-19 22:12:806 INFO  HomePage :106 - Clicking on dropdown from : [[ChromeDriver: chrome on windows (51159fd87c379d3364c8b824963770fb)] -> xpath: //button[@class='btn btn-link dropdown-toggle']]
2023-12-19 22:12:137 INFO  HomePage :111 - Clicking on sterling from dropdown : [[ChromeDriver: chrome on windows (51159fd87c379d3364c8b824963770fb)] -> xpath: (//button[normalize-space()='£Pound Sterling'])[1]]
2023-12-19 22:12:359 INFO  HomePage :73 - Clicking on desktop from : [[ChromeDriver: chrome on windows (51159fd87c379d3364c8b824963770fb)] -> link text: Desktops]
2023-12-19 22:12:290 INFO  HomePage :57 - Select menu from : Show AllDesktops[[ChromeDriver: chrome on windows (51159fd87c379d3364c8b824963770fb)] -> link text: Show AllDesktops]
2023-12-19 22:12:71 INFO  DesktopsPage :69 - Select sortBy Name (A - Z) in ascending order [[ChromeDriver: chrome on windows (51159fd87c379d3364c8b824963770fb)] -> xpath: //select[@id='input-sort']]
2023-12-19 22:12:336 INFO  ProductPage :41 - Get product name from : [[ChromeDriver: chrome on windows (51159fd87c379d3364c8b824963770fb)] -> css selector: div[id='content'] h1]
2023-12-19 22:12:624 INFO  HomePage :106 - Clicking on dropdown from : [[ChromeDriver: chrome on windows (aa5235064c49eea3f51d2879a8458725)] -> xpath: //button[@class='btn btn-link dropdown-toggle']]
2023-12-19 22:12:106 INFO  HomePage :111 - Clicking on sterling from dropdown : [[ChromeDriver: chrome on windows (aa5235064c49eea3f51d2879a8458725)] -> xpath: (//button[normalize-space()='£Pound Sterling'])[1]]
2023-12-19 22:12:304 INFO  HomePage :73 - Clicking on desktop from : [[ChromeDriver: chrome on windows (aa5235064c49eea3f51d2879a8458725)] -> link text: Desktops]
2023-12-19 22:12:178 INFO  HomePage :57 - Select menu from : Show AllDesktops[[ChromeDriver: chrome on windows (aa5235064c49eea3f51d2879a8458725)] -> link text: Show AllDesktops]
2023-12-19 22:12:358 INFO  DesktopsPage :69 - Select sortBy Name (A - Z) in ascending order [[ChromeDriver: chrome on windows (aa5235064c49eea3f51d2879a8458725)] -> xpath: //select[@id='input-sort']]
2023-12-19 22:12:530 INFO  ProductPage :41 - Get product name from : [[ChromeDriver: chrome on windows (aa5235064c49eea3f51d2879a8458725)] -> css selector: div[id='content'] h1]
2023-12-19 22:12:754 INFO  HomePage :106 - Clicking on dropdown from : [[ChromeDriver: chrome on windows (2683dffdebf16f153f4c157e1413010c)] -> xpath: //button[@class='btn btn-link dropdown-toggle']]
2023-12-19 22:12:92 INFO  HomePage :111 - Clicking on sterling from dropdown : [[ChromeDriver: chrome on windows (2683dffdebf16f153f4c157e1413010c)] -> xpath: (//button[normalize-space()='£Pound Sterling'])[1]]
2023-12-19 22:12:304 INFO  HomePage :73 - Clicking on desktop from : [[ChromeDriver: chrome on windows (2683dffdebf16f153f4c157e1413010c)] -> link text: Desktops]
2023-12-19 22:12:153 INFO  HomePage :57 - Select menu from : Show AllDesktops[[ChromeDriver: chrome on windows (2683dffdebf16f153f4c157e1413010c)] -> link text: Show AllDesktops]
2023-12-19 22:12:886 INFO  DesktopsPage :69 - Select sortBy Name (A - Z) in ascending order [[ChromeDriver: chrome on windows (2683dffdebf16f153f4c157e1413010c)] -> xpath: //select[@id='input-sort']]
2023-12-19 22:12:115 INFO  ProductPage :41 - Get product name from : [[ChromeDriver: chrome on windows (2683dffdebf16f153f4c157e1413010c)] -> css selector: div[id='content'] h1]
2023-12-19 22:12:74 INFO  HomePage :84 - Clicking on laptop and notebook from : [[ChromeDriver: chrome on windows (0c1d18139c43bec71c2e4352e04d23fb)] -> xpath: //a[normalize-space()='Laptops & Notebooks']]
2023-12-19 22:12:498 INFO  HomePage :57 - Select menu from : Show AllLaptops & Notebooks[[ChromeDriver: chrome on windows (0c1d18139c43bec71c2e4352e04d23fb)] -> link text: Show AllLaptops & Notebooks]
2023-12-19 22:12:205 INFO  LaptopAndBooksPage :32 - select text : Price (High > Low) from dropdown [[ChromeDriver: chrome on windows (0c1d18139c43bec71c2e4352e04d23fb)] -> xpath: (//select[@id='input-sort'])[1]]
2023-12-19 22:12:272 INFO  LaptopAndBooksPage :34 - get array list : [[ChromeDriver: chrome on windows (0c1d18139c43bec71c2e4352e04d23fb)] -> xpath: //p[@class ='price']]
2023-12-19 22:12:329 INFO  LaptopAndBooksPage :40 - Get products arrangement in high to low order : [[ChromeDriver: chrome on windows (0c1d18139c43bec71c2e4352e04d23fb)] -> xpath: //p[@class ='price']]
2023-12-19 22:12:778 INFO  HomePage :106 - Clicking on dropdown from : [[ChromeDriver: chrome on windows (a1c1e10d744a27f550b54c46438ea4e8)] -> xpath: //button[@class='btn btn-link dropdown-toggle']]
2023-12-19 22:12:83 INFO  HomePage :111 - Clicking on sterling from dropdown : [[ChromeDriver: chrome on windows (a1c1e10d744a27f550b54c46438ea4e8)] -> xpath: (//button[normalize-space()='£Pound Sterling'])[1]]
2023-12-19 22:12:282 INFO  HomePage :84 - Clicking on laptop and notebook from : [[ChromeDriver: chrome on windows (a1c1e10d744a27f550b54c46438ea4e8)] -> xpath: //a[normalize-space()='Laptops & Notebooks']]
2023-12-19 22:12:740 INFO  HomePage :57 - Select menu from : Show AllLaptops & Notebooks[[ChromeDriver: chrome on windows (a1c1e10d744a27f550b54c46438ea4e8)] -> link text: Show AllLaptops & Notebooks]
2023-12-19 22:12:437 INFO  LaptopAndBooksPage :32 - select text : Price (High > Low) from dropdown [[ChromeDriver: chrome on windows (a1c1e10d744a27f550b54c46438ea4e8)] -> xpath: (//select[@id='input-sort'])[1]]
2023-12-19 22:12:512 INFO  LaptopAndBooksPage :34 - get array list : [[ChromeDriver: chrome on windows (a1c1e10d744a27f550b54c46438ea4e8)] -> xpath: //p[@class ='price']]
2023-12-19 22:12:287 INFO  LaptopAndBooksPage :51 - Clicking on product from : [[ChromeDriver: chrome on windows (a1c1e10d744a27f550b54c46438ea4e8)] -> link text: MacBook]
2023-12-19 22:12:341 INFO  MacBookPage :32 - Get Mac Book text : [[ChromeDriver: chrome on windows (a1c1e10d744a27f550b54c46438ea4e8)] -> xpath: //h1[normalize-space()='MacBook']]
2023-12-19 22:12:464 INFO  MacBookPage :38 - Clicking on add to cart from : [[ChromeDriver: chrome on windows (a1c1e10d744a27f550b54c46438ea4e8)] -> xpath: //button[@id='button-cart']]
2023-12-19 22:12:847 INFO  MacBookPage :43 - Get adding cart successfully message : [[ChromeDriver: chrome on windows (a1c1e10d744a27f550b54c46438ea4e8)] -> xpath: //div[@class='alert alert-success alert-dismissible']]
2023-12-19 22:12:508 INFO  MacBookPage :49 - Clicking on shopping cart link : [[ChromeDriver: chrome on windows (a1c1e10d744a27f550b54c46438ea4e8)] -> xpath: //a[normalize-space()='shopping cart']]
2023-12-19 22:12:567 INFO  ShoppingCartPage :74 - Get Shopping cart text : [[ChromeDriver: chrome on windows (a1c1e10d744a27f550b54c46438ea4e8)] -> xpath: //h1[contains(text(),'Shopping Cart')]]
2023-12-19 22:12:619 INFO  ShoppingCartPage :104 - Get product name : [[ChromeDriver: chrome on windows (a1c1e10d744a27f550b54c46438ea4e8)] -> xpath: (//a[contains(text(),'MacBook')])[2]]
2023-12-19 22:12:430 INFO  HomePage :116 - Clicking on account link : [[ChromeDriver: chrome on windows (10cfbc2eeecab32e7477f011fe5ba038)] -> xpath: //span[normalize-space()='My Account']]
2023-12-19 22:12:880 INFO  MyAccountPage :94 - get array list : Register[[ChromeDriver: chrome on windows (10cfbc2eeecab32e7477f011fe5ba038)] -> link text: Register]
2023-12-19 22:12:953 INFO  RegisterPage :62 - Get Register account text : [[ChromeDriver: chrome on windows (10cfbc2eeecab32e7477f011fe5ba038)] -> xpath: //h1[normalize-space()='Register Account']]
2023-12-19 22:12:924 INFO  HomePage :116 - Clicking on account link : [[ChromeDriver: chrome on windows (77c5b353d8693a9a38e97df332104c76)] -> xpath: //span[normalize-space()='My Account']]
2023-12-19 22:12:705 INFO  MyAccountPage :94 - get array list : Login[[ChromeDriver: chrome on windows (77c5b353d8693a9a38e97df332104c76)] -> link text: Login]
2023-12-19 22:12:782 INFO  RegisterPage :68 - Get Register account text : [[ChromeDriver: chrome on windows (77c5b353d8693a9a38e97df332104c76)] -> xpath: //h2[normalize-space()='Returning Customer']]
2023-12-19 22:12:203 INFO  HomePage :116 - Clicking on account link : [[ChromeDriver: chrome on windows (96ae696260bf58d00f24901953d2378d)] -> xpath: //span[normalize-space()='My Account']]
2023-12-19 22:12:500 INFO  MyAccountPage :94 - get array list : Register[[ChromeDriver: chrome on windows (96ae696260bf58d00f24901953d2378d)] -> link text: Register]
2023-12-19 22:12:719 INFO  RegisterPage :74 - Enter First name : Tiger in first name field [[ChromeDriver: chrome on windows (96ae696260bf58d00f24901953d2378d)] -> id: input-firstname]
2023-12-19 22:12:881 INFO  RegisterPage :79 - Enter surname : Shroff in last name field [[ChromeDriver: chrome on windows (96ae696260bf58d00f24901953d2378d)] -> id: input-lastname]
2023-12-19 22:12:132 INFO  RegisterPage :86 - Enter email : random-370bf33e-21fb-4a5d-a357-8a52ea97d43d@gmail.com in email field [[ChromeDriver: chrome on windows (96ae696260bf58d00f24901953d2378d)] -> id: input-email]
2023-12-19 22:12:290 INFO  RegisterPage :100 - Enter password : 123456 in password field [[ChromeDriver: chrome on windows (96ae696260bf58d00f24901953d2378d)] -> id: input-password]
2023-12-19 22:12:462 INFO  RegisterPage :105 - Enter confirm password: 123456 in confirm password field [[ChromeDriver: chrome on windows (96ae696260bf58d00f24901953d2378d)] -> xpath: //input[@id='input-confirm']]
2023-12-19 22:12:581 INFO  RegisterPage :110 - Clicking on subscribe radio button : [[ChromeDriver: chrome on windows (96ae696260bf58d00f24901953d2378d)] -> xpath: //label[normalize-space()='Yes']]
2023-12-19 22:12:717 INFO  RegisterPage :115 - Clicking on privacy box button : [[ChromeDriver: chrome on windows (96ae696260bf58d00f24901953d2378d)] -> css selector: input[value='1'][name='agree']]
2023-12-19 22:12:581 INFO  RegisterPage :120 - Clicking on continue button : [[ChromeDriver: chrome on windows (96ae696260bf58d00f24901953d2378d)] -> xpath: //input[@value='Continue']]
2023-12-19 22:12:509 INFO  HomePage :116 - Clicking on account link : [[ChromeDriver: chrome on windows (aab5a39839ff89c12c373ecd1b9b63fa)] -> xpath: //span[normalize-space()='My Account']]
2023-12-19 22:12:955 INFO  MyAccountPage :94 - get array list : Login[[ChromeDriver: chrome on windows (aab5a39839ff89c12c373ecd1b9b63fa)] -> link text: Login]
2023-12-19 22:12:212 INFO  RegisterPage :86 - Enter email : tigershroff123@gmail.com in email field [[ChromeDriver: chrome on windows (aab5a39839ff89c12c373ecd1b9b63fa)] -> id: input-email]
2023-12-19 22:12:417 INFO  RegisterPage :100 - Enter password : 123456 in password field [[ChromeDriver: chrome on windows (aab5a39839ff89c12c373ecd1b9b63fa)] -> id: input-password]
2023-12-19 22:12:365 INFO  MyAccountPage :77 - Clicking on login button : [[ChromeDriver: chrome on windows (aab5a39839ff89c12c373ecd1b9b63fa)] -> xpath: //input[@value='Login']]
2023-12-19 22:12:760 INFO  HomePage :73 - Clicking on desktop from : [[ChromeDriver: chrome on windows (caaa397d365e26dd92943542a2a2bd06)] -> link text: Desktops]
2023-12-19 22:12:56 INFO  HomePage :57 - Select menu from : Show AllDesktops[[ChromeDriver: chrome on windows (caaa397d365e26dd92943542a2a2bd06)] -> link text: Show AllDesktops]
2023-12-19 22:12:128 INFO  HomePage :78 - Clicking on desktop from : [[ChromeDriver: chrome on windows (caaa397d365e26dd92943542a2a2bd06)] -> xpath: //h2[contains(text(),'Desktops')]]
2023-12-19 22:12:821 INFO  HomePage :84 - Clicking on laptop and notebook from : [[ChromeDriver: chrome on windows (d1ff546f77a05bf4156a1be9c70cf8e9)] -> xpath: //a[normalize-space()='Laptops & Notebooks']]
2023-12-19 22:12:507 INFO  HomePage :57 - Select menu from : Show AllLaptops & Notebooks[[ChromeDriver: chrome on windows (d1ff546f77a05bf4156a1be9c70cf8e9)] -> link text: Show AllLaptops & Notebooks]
2023-12-19 22:12:572 INFO  HomePage :89 - Clicking on desktop from : [[ChromeDriver: chrome on windows (d1ff546f77a05bf4156a1be9c70cf8e9)] -> xpath: //h2[normalize-space()='Laptops & Notebooks']]
2023-12-19 22:12:671 INFO  HomePage :95 - Clicking on components from : [[ChromeDriver: chrome on windows (048e9bea3a8f942e6ec9dd982e349e16)] -> xpath: //a[normalize-space()='Components']]
2023-12-19 22:12:739 INFO  HomePage :57 - Select menu from : Show AllComponents[[ChromeDriver: chrome on windows (048e9bea3a8f942e6ec9dd982e349e16)] -> link text: Show AllComponents]
2023-12-19 22:12:806 INFO  HomePage :100 - Clicking on desktop from : [[ChromeDriver: chrome on windows (048e9bea3a8f942e6ec9dd982e349e16)] -> xpath: //h2[normalize-space()='Components']]
2023-12-19 22:12:90 INFO  HomePage :73 - Clicking on desktop from : [[ChromeDriver: chrome on windows (2690dcd47fa549255d1560a06e970b04)] -> link text: Desktops]
2023-12-19 22:12:167 INFO  HomePage :57 - Select menu from : Show AllDesktops[[ChromeDriver: chrome on windows (2690dcd47fa549255d1560a06e970b04)] -> link text: Show AllDesktops]
2023-12-19 22:12:629 INFO  DesktopsPage :63 - Select sortBy Name (Z - A) in descending order [[ChromeDriver: chrome on windows (2690dcd47fa549255d1560a06e970b04)] -> xpath: //select[@id='input-sort']]
2023-12-19 22:12:185 INFO  DesktopsPage :57 - Get elements sorted in reverse order[[ChromeDriver: chrome on windows (2690dcd47fa549255d1560a06e970b04)] -> xpath: //select[@id='input-sort']]
2023-12-19 22:12:892 INFO  HomePage :84 - Clicking on laptop and notebook from : [[ChromeDriver: chrome on windows (d58ec27f51471f77c6cec1dd49d26b2e)] -> xpath: //a[normalize-space()='Laptops & Notebooks']]
2023-12-19 22:12:372 INFO  HomePage :57 - Select menu from : Show AllLaptops & Notebooks[[ChromeDriver: chrome on windows (d58ec27f51471f77c6cec1dd49d26b2e)] -> link text: Show AllLaptops & Notebooks]
2023-12-19 22:12:61 INFO  LaptopAndBooksPage :32 - select text : Price (High > Low) from dropdown [[ChromeDriver: chrome on windows (d58ec27f51471f77c6cec1dd49d26b2e)] -> xpath: (//select[@id='input-sort'])[1]]
2023-12-19 22:12:141 INFO  LaptopAndBooksPage :34 - get array list : [[ChromeDriver: chrome on windows (d58ec27f51471f77c6cec1dd49d26b2e)] -> xpath: //p[@class ='price']]
2023-12-19 22:12:204 INFO  LaptopAndBooksPage :40 - Get products arrangement in high to low order : [[ChromeDriver: chrome on windows (d58ec27f51471f77c6cec1dd49d26b2e)] -> xpath: //p[@class ='price']]
2023-12-19 22:12:830 INFO  HomePage :106 - Clicking on dropdown from : [[ChromeDriver: chrome on windows (461cdd90f059bd02042cd8c2d87ac5ff)] -> xpath: //button[@class='btn btn-link dropdown-toggle']]
2023-12-19 22:12:96 INFO  HomePage :111 - Clicking on sterling from dropdown : [[ChromeDriver: chrome on windows (461cdd90f059bd02042cd8c2d87ac5ff)] -> xpath: (//button[normalize-space()='£Pound Sterling'])[1]]
2023-12-19 22:12:278 INFO  HomePage :84 - Clicking on laptop and notebook from : [[ChromeDriver: chrome on windows (461cdd90f059bd02042cd8c2d87ac5ff)] -> xpath: //a[normalize-space()='Laptops & Notebooks']]
2023-12-19 22:12:796 INFO  HomePage :57 - Select menu from : Show AllLaptops & Notebooks[[ChromeDriver: chrome on windows (461cdd90f059bd02042cd8c2d87ac5ff)] -> link text: Show AllLaptops & Notebooks]
2023-12-19 22:12:510 INFO  LaptopAndBooksPage :32 - select text : Price (High > Low) from dropdown [[ChromeDriver: chrome on windows (461cdd90f059bd02042cd8c2d87ac5ff)] -> xpath: (//select[@id='input-sort'])[1]]
2023-12-19 22:12:581 INFO  LaptopAndBooksPage :34 - get array list : [[ChromeDriver: chrome on windows (461cdd90f059bd02042cd8c2d87ac5ff)] -> xpath: //p[@class ='price']]
2023-12-19 22:12:442 INFO  LaptopAndBooksPage :51 - Clicking on product from : [[ChromeDriver: chrome on windows (461cdd90f059bd02042cd8c2d87ac5ff)] -> link text: MacBook]
2023-12-19 22:12:502 INFO  MacBookPage :32 - Get Mac Book text : [[ChromeDriver: chrome on windows (461cdd90f059bd02042cd8c2d87ac5ff)] -> xpath: //h1[normalize-space()='MacBook']]
2023-12-19 22:12:621 INFO  MacBookPage :38 - Clicking on add to cart from : [[ChromeDriver: chrome on windows (461cdd90f059bd02042cd8c2d87ac5ff)] -> xpath: //button[@id='button-cart']]
2023-12-19 22:12:86 INFO  MacBookPage :43 - Get adding cart successfully message : [[ChromeDriver: chrome on windows (461cdd90f059bd02042cd8c2d87ac5ff)] -> xpath: //div[@class='alert alert-success alert-dismissible']]
2023-12-19 22:12:771 INFO  MacBookPage :49 - Clicking on shopping cart link : [[ChromeDriver: chrome on windows (461cdd90f059bd02042cd8c2d87ac5ff)] -> xpath: //a[normalize-space()='shopping cart']]
2023-12-19 22:12:835 INFO  ShoppingCartPage :74 - Get Shopping cart text : [[ChromeDriver: chrome on windows (461cdd90f059bd02042cd8c2d87ac5ff)] -> xpath: //h1[contains(text(),'Shopping Cart')]]
2023-12-19 22:12:893 INFO  ShoppingCartPage :104 - Get product name : [[ChromeDriver: chrome on windows (461cdd90f059bd02042cd8c2d87ac5ff)] -> xpath: (//a[contains(text(),'MacBook')])[2]]
2023-12-19 22:12:964 INFO  HomePage :116 - Clicking on account link : [[ChromeDriver: chrome on windows (8e25290a5c619909d12480d4308f4fb5)] -> xpath: //span[normalize-space()='My Account']]
2023-12-19 22:12:412 INFO  MyAccountPage :94 - get array list : Register[[ChromeDriver: chrome on windows (8e25290a5c619909d12480d4308f4fb5)] -> link text: Register]
2023-12-19 22:12:488 INFO  RegisterPage :62 - Get Register account text : [[ChromeDriver: chrome on windows (8e25290a5c619909d12480d4308f4fb5)] -> xpath: //h1[normalize-space()='Register Account']]
2023-12-19 22:12:832 INFO  HomePage :116 - Clicking on account link : [[ChromeDriver: chrome on windows (b0b2afc727c8fa69aa06a2090ab7a6d1)] -> xpath: //span[normalize-space()='My Account']]
2023-12-19 22:12:529 INFO  MyAccountPage :94 - get array list : Login[[ChromeDriver: chrome on windows (b0b2afc727c8fa69aa06a2090ab7a6d1)] -> link text: Login]
2023-12-19 22:12:621 INFO  RegisterPage :68 - Get Register account text : [[ChromeDriver: chrome on windows (b0b2afc727c8fa69aa06a2090ab7a6d1)] -> xpath: //h2[normalize-space()='Returning Customer']]
2023-12-19 22:12:27 INFO  HomePage :73 - Clicking on desktop from : [[ChromeDriver: chrome on windows (4ba76b8c4e15a4c067a2d4cdea7b2199)] -> link text: Desktops]
2023-12-19 22:12:764 INFO  HomePage :57 - Select menu from : Show AllDesktops[[ChromeDriver: chrome on windows (4ba76b8c4e15a4c067a2d4cdea7b2199)] -> link text: Show AllDesktops]
2023-12-19 22:12:832 INFO  HomePage :78 - Clicking on desktop from : [[ChromeDriver: chrome on windows (4ba76b8c4e15a4c067a2d4cdea7b2199)] -> xpath: //h2[contains(text(),'Desktops')]]
2023-12-19 22:12:284 INFO  HomePage :84 - Clicking on laptop and notebook from : [[ChromeDriver: chrome on windows (07831fabd800a5cd9c3ccf549f64cf69)] -> xpath: //a[normalize-space()='Laptops & Notebooks']]
2023-12-19 22:12:642 INFO  HomePage :57 - Select menu from : Show AllLaptops & Notebooks[[ChromeDriver: chrome on windows (07831fabd800a5cd9c3ccf549f64cf69)] -> link text: Show AllLaptops & Notebooks]
2023-12-19 22:12:709 INFO  HomePage :89 - Clicking on desktop from : [[ChromeDriver: chrome on windows (07831fabd800a5cd9c3ccf549f64cf69)] -> xpath: //h2[normalize-space()='Laptops & Notebooks']]
2023-12-19 22:12:516 INFO  HomePage :73 - Clicking on desktop from : [[ChromeDriver: chrome on windows (06e94c854757fe295f1eb86d41be4a60)] -> link text: Desktops]
2023-12-19 22:12:297 INFO  HomePage :57 - Select menu from : Show AllDesktops[[ChromeDriver: chrome on windows (06e94c854757fe295f1eb86d41be4a60)] -> link text: Show AllDesktops]
2023-12-19 22:12:114 INFO  DesktopsPage :63 - Select sortBy Name (Z - A) in descending order [[ChromeDriver: chrome on windows (06e94c854757fe295f1eb86d41be4a60)] -> xpath: //select[@id='input-sort']]
2023-12-19 22:12:681 INFO  DesktopsPage :57 - Get elements sorted in reverse order[[ChromeDriver: chrome on windows (06e94c854757fe295f1eb86d41be4a60)] -> xpath: //select[@id='input-sort']]
2023-12-19 22:12:97 INFO  HomePage :84 - Clicking on laptop and notebook from : [[ChromeDriver: chrome on windows (30e483ffedc71b8d3c25dd858295f3fb)] -> xpath: //a[normalize-space()='Laptops & Notebooks']]
2023-12-19 22:12:475 INFO  HomePage :57 - Select menu from : Show AllLaptops & Notebooks[[ChromeDriver: chrome on windows (30e483ffedc71b8d3c25dd858295f3fb)] -> link text: Show AllLaptops & Notebooks]
2023-12-19 22:12:172 INFO  LaptopAndBooksPage :32 - select text : Price (High > Low) from dropdown [[ChromeDriver: chrome on windows (30e483ffedc71b8d3c25dd858295f3fb)] -> xpath: (//select[@id='input-sort'])[1]]
2023-12-19 22:12:240 INFO  LaptopAndBooksPage :34 - get array list : [[ChromeDriver: chrome on windows (30e483ffedc71b8d3c25dd858295f3fb)] -> xpath: //p[@class ='price']]
2023-12-19 22:12:301 INFO  LaptopAndBooksPage :40 - Get products arrangement in high to low order : [[ChromeDriver: chrome on windows (30e483ffedc71b8d3c25dd858295f3fb)] -> xpath: //p[@class ='price']]
2023-12-19 22:12:674 INFO  HomePage :106 - Clicking on dropdown from : [[ChromeDriver: chrome on windows (24418f0903a4893d562407842d661ad5)] -> xpath: //button[@class='btn btn-link dropdown-toggle']]
2023-12-19 22:12:19 INFO  HomePage :111 - Clicking on sterling from dropdown : [[ChromeDriver: chrome on windows (24418f0903a4893d562407842d661ad5)] -> xpath: (//button[normalize-space()='£Pound Sterling'])[1]]
2023-12-19 22:12:228 INFO  HomePage :84 - Clicking on laptop and notebook from : [[ChromeDriver: chrome on windows (24418f0903a4893d562407842d661ad5)] -> xpath: //a[normalize-space()='Laptops & Notebooks']]
2023-12-19 22:12:519 INFO  HomePage :57 - Select menu from : Show AllLaptops & Notebooks[[ChromeDriver: chrome on windows (24418f0903a4893d562407842d661ad5)] -> link text: Show AllLaptops & Notebooks]
2023-12-19 22:12:246 INFO  LaptopAndBooksPage :32 - select text : Price (High > Low) from dropdown [[ChromeDriver: chrome on windows (24418f0903a4893d562407842d661ad5)] -> xpath: (//select[@id='input-sort'])[1]]
2023-12-19 22:12:327 INFO  LaptopAndBooksPage :34 - get array list : [[ChromeDriver: chrome on windows (24418f0903a4893d562407842d661ad5)] -> xpath: //p[@class ='price']]
2023-12-19 22:12:669 INFO  LaptopAndBooksPage :51 - Clicking on product from : [[ChromeDriver: chrome on windows (24418f0903a4893d562407842d661ad5)] -> link text: MacBook]
2023-12-19 22:12:725 INFO  MacBookPage :32 - Get Mac Book text : [[ChromeDriver: chrome on windows (24418f0903a4893d562407842d661ad5)] -> xpath: //h1[normalize-space()='MacBook']]
2023-12-19 22:12:841 INFO  MacBookPage :38 - Clicking on add to cart from : [[ChromeDriver: chrome on windows (24418f0903a4893d562407842d661ad5)] -> xpath: //button[@id='button-cart']]
2023-12-19 22:12:225 INFO  MacBookPage :43 - Get adding cart successfully message : [[ChromeDriver: chrome on windows (24418f0903a4893d562407842d661ad5)] -> xpath: //div[@class='alert alert-success alert-dismissible']]
2023-12-19 22:12:892 INFO  MacBookPage :49 - Clicking on shopping cart link : [[ChromeDriver: chrome on windows (24418f0903a4893d562407842d661ad5)] -> xpath: //a[normalize-space()='shopping cart']]
2023-12-19 22:12:968 INFO  ShoppingCartPage :73 - Get Shopping cart text : [[ChromeDriver: chrome on windows (24418f0903a4893d562407842d661ad5)] -> xpath: //h1[contains(text(),'Shopping Cart')]]
2023-12-19 22:12:27 INFO  ShoppingCartPage :103 - Get product name : [[ChromeDriver: chrome on windows (24418f0903a4893d562407842d661ad5)] -> xpath: (//a[contains(text(),'MacBook')])[2]]
2023-12-19 22:12:188 INFO  ShoppingCartPage :109 - Clear text : [[ChromeDriver: chrome on windows (24418f0903a4893d562407842d661ad5)] -> xpath: //input[@class='form-control']]
2023-12-19 22:12:307 INFO  ShoppingCartPage :114 - Enter qty : 2 in qty box [[ChromeDriver: chrome on windows (24418f0903a4893d562407842d661ad5)] -> xpath: //input[@class='form-control']]
2023-12-19 22:12:429 INFO  ShoppingCartPage :119 - Clicking on update the box button : [[ChromeDriver: chrome on windows (24418f0903a4893d562407842d661ad5)] -> xpath: (//button[@type='submit'])[1]]
2023-12-19 22:12:476 INFO  ShoppingCartPage :124 - Get success message : [[ChromeDriver: chrome on windows (24418f0903a4893d562407842d661ad5)] -> xpath: //div[@class='alert alert-success alert-dismissible']]
2023-12-19 22:12:766 INFO  HomePage :116 - Clicking on account link : [[ChromeDriver: chrome on windows (f4a94aaa7cd09124ba9e06b04937d94b)] -> xpath: //span[normalize-space()='My Account']]
2023-12-19 22:12:263 INFO  MyAccountPage :94 - get array list : Register[[ChromeDriver: chrome on windows (f4a94aaa7cd09124ba9e06b04937d94b)] -> link text: Register]
2023-12-19 22:12:403 INFO  RegisterPage :62 - Get Register account text : [[ChromeDriver: chrome on windows (f4a94aaa7cd09124ba9e06b04937d94b)] -> xpath: //h1[normalize-space()='Register Account']]
2023-12-19 22:12:283 INFO  HomePage :116 - Clicking on account link : [[ChromeDriver: chrome on windows (150789c73042b61439f044af372b48cd)] -> xpath: //span[normalize-space()='My Account']]
2023-12-19 22:12:18 INFO  MyAccountPage :94 - get array list : Login[[ChromeDriver: chrome on windows (150789c73042b61439f044af372b48cd)] -> link text: Login]
2023-12-19 22:12:166 INFO  RegisterPage :68 - Get Register account text : [[ChromeDriver: chrome on windows (150789c73042b61439f044af372b48cd)] -> xpath: //h2[normalize-space()='Returning Customer']]
2023-12-19 22:12:584 INFO  HomePage :73 - Clicking on desktop from : [[ChromeDriver: chrome on windows (262386d02b2ed530c2c9d153f9c7ea2b)] -> link text: Desktops]
2023-12-19 22:12:434 INFO  HomePage :57 - Select menu from : Show AllDesktops[[ChromeDriver: chrome on windows (262386d02b2ed530c2c9d153f9c7ea2b)] -> link text: Show AllDesktops]
2023-12-19 22:12:499 INFO  HomePage :78 - Clicking on desktop from : [[ChromeDriver: chrome on windows (262386d02b2ed530c2c9d153f9c7ea2b)] -> xpath: //h2[contains(text(),'Desktops')]]
2023-12-19 22:12:816 INFO  HomePage :84 - Clicking on laptop and notebook from : [[ChromeDriver: chrome on windows (4b56aa6fc63d7c535e9f16e07536de12)] -> xpath: //a[normalize-space()='Laptops & Notebooks']]
2023-12-19 22:12:263 INFO  HomePage :57 - Select menu from : Show AllLaptops & Notebooks[[ChromeDriver: chrome on windows (4b56aa6fc63d7c535e9f16e07536de12)] -> link text: Show AllLaptops & Notebooks]
2023-12-19 22:12:337 INFO  HomePage :89 - Clicking on desktop from : [[ChromeDriver: chrome on windows (4b56aa6fc63d7c535e9f16e07536de12)] -> xpath: //h2[normalize-space()='Laptops & Notebooks']]
